<?xml version="1.0" encoding="UTF-8"?>
<!-- Generated by org.testng.reporters.JUnitReportReporter -->
<testsuite skipped="0" hostname="user-PC" name="facebook.com.TV" tests="1" failures="0" timestamp="15 Apr 2018 15:33:57 GMT" time="0.016" errors="0">
  <testcase name="sailesh" time="0.016" classname="facebook.com.TV"/>
</testsuite> <!-- facebook.com.TV -->
