<?xml version="1.0" encoding="UTF-8"?>
<!-- Generated by org.testng.reporters.JUnitReportReporter -->
<testsuite skipped="0" hostname="user-PC" name="facebook.com.TV" tests="1" failures="0" timestamp="16 Dec 2017 20:47:35 GMT" time="0.033" errors="0">
  <testcase name="sailesh" time="0.033" classname="facebook.com.TV"/>
</testsuite> <!-- facebook.com.TV -->
