<?xml version="1.0" encoding="UTF-8"?>
<!-- Generated by org.testng.reporters.JUnitReportReporter -->
<testsuite skipped="0" hostname="user-PC" name="facebook.com.Testng" tests="1" failures="0" timestamp="15 Apr 2018 16:40:06 GMT" time="11.026" errors="0">
  <testcase name="f" time="11.026" classname="facebook.com.Testng"/>
</testsuite> <!-- facebook.com.Testng -->
