<?xml version="1.0" encoding="UTF-8"?>
<!-- Generated by org.testng.reporters.JUnitReportReporter -->
<testsuite skipped="0" hostname="user-PC" name="Testng" tests="1" failures="0" timestamp="14 Apr 2018 22:59:54 GMT" time="0.020" errors="0">
  <testcase name="f" time="0.020" classname="Testng"/>
</testsuite> <!-- Testng -->
