<?xml version="1.0" encoding="UTF-8"?>
<!-- Generated by org.testng.reporters.JUnitReportReporter -->
<testsuite skipped="0" hostname="user-PC" name="TestNG.Dependsonmethods" tests="2" failures="0" timestamp="06 Dec 2017 01:46:41 GMT" time="13.429" errors="0">
  <testcase name="test1" time="8.248" classname="TestNG.Dependsonmethods"/>
  <testcase name="test" time="5.181" classname="TestNG.Dependsonmethods"/>
</testsuite> <!-- TestNG.Dependsonmethods -->
