<?xml version="1.0" encoding="UTF-8"?>
<!-- Generated by org.testng.reporters.JUnitReportReporter -->
<testsuite skipped="0" hostname="user-PC" name="TestNG.NewTest" tests="2" failures="0" timestamp="16 Dec 2017 21:08:21 GMT" time="18.167" errors="0">
  <testcase name="test" time="14.653" classname="TestNG.NewTest"/>
  <testcase name="test1" time="3.514" classname="TestNG.NewTest"/>
</testsuite> <!-- TestNG.NewTest -->
